<?xml version="1.0" encoding="UTF-8"?>
<testsuite name="com.adventure.MT2" tests="2" skipped="0" failures="0" errors="0" timestamp="2024-11-20T16:15:36" hostname="DESKTOP-4J57K3Q" time="0.067">
  <properties/>
  <testcase name="canOpenDoor()" classname="com.adventure.MT2" time="0.056"/>
  <testcase name="setName()" classname="com.adventure.MT2" time="0.009"/>
  <system-out><![CDATA[]]></system-out>
  <system-err><![CDATA[]]></system-err>
</testsuite>
